<?xml version="1.0" encoding="UTF-8"?>
<testng-results skipped="0" failed="0" ignored="0" total="0" passed="0">
  <reporter-output>
  </reporter-output>
  <suite name="com.gmail.NewMaven.AppTest" duration-ms="27" started-at="2017-09-27T10:59:23Z" finished-at="2017-09-27T10:59:23Z">
    <groups>
    </groups>
    <test name="Command line test" duration-ms="27" started-at="2017-09-27T10:59:23Z" finished-at="2017-09-27T10:59:23Z">
    </test> <!-- Command line test -->
  </suite> <!-- com.gmail.NewMaven.AppTest -->
</testng-results>
